nohup: 忽略输入
Traceback (most recent call last):
  File "/home/tangjian/miniconda3/envs/neutrapro/lib/python3.8/site-packages/transformers/utils/hub.py", line 403, in cached_file
    resolved_file = hf_hub_download(
  File "/home/tangjian/miniconda3/envs/neutrapro/lib/python3.8/site-packages/huggingface_hub/utils/_validators.py", line 114, in _inner_fn
    return fn(*args, **kwargs)
  File "/home/tangjian/miniconda3/envs/neutrapro/lib/python3.8/site-packages/huggingface_hub/file_download.py", line 1007, in hf_hub_download
    return _hf_hub_download_to_cache_dir(
  File "/home/tangjian/miniconda3/envs/neutrapro/lib/python3.8/site-packages/huggingface_hub/file_download.py", line 1114, in _hf_hub_download_to_cache_dir
    _raise_on_head_call_error(head_call_error, force_download, local_files_only)
  File "/home/tangjian/miniconda3/envs/neutrapro/lib/python3.8/site-packages/huggingface_hub/file_download.py", line 1646, in _raise_on_head_call_error
    raise LocalEntryNotFoundError(
huggingface_hub.errors.LocalEntryNotFoundError: Cannot find the requested files in the disk cache and outgoing traffic has been disabled. To enable hf.co look-ups and downloads online, set 'local_files_only' to False.

The above exception was the direct cause of the following exception:

Traceback (most recent call last):
  File "modules/embedding.py", line 277, in <module>
    main()
  File "modules/embedding.py", line 261, in main
    model, tokenizer = load_t5_model(model_dir)
  File "modules/embedding.py", line 42, in load_t5_model
    model = T5EncoderModel.from_pretrained(transformer_link, cache_dir=model_dir)
  File "/home/tangjian/miniconda3/envs/neutrapro/lib/python3.8/site-packages/transformers/modeling_utils.py", line 3613, in from_pretrained
    config, model_kwargs = cls.config_class.from_pretrained(
  File "/home/tangjian/miniconda3/envs/neutrapro/lib/python3.8/site-packages/transformers/configuration_utils.py", line 545, in from_pretrained
    config_dict, kwargs = cls.get_config_dict(pretrained_model_name_or_path, **kwargs)
  File "/home/tangjian/miniconda3/envs/neutrapro/lib/python3.8/site-packages/transformers/configuration_utils.py", line 574, in get_config_dict
    config_dict, kwargs = cls._get_config_dict(pretrained_model_name_or_path, **kwargs)
  File "/home/tangjian/miniconda3/envs/neutrapro/lib/python3.8/site-packages/transformers/configuration_utils.py", line 633, in _get_config_dict
    resolved_config_file = cached_file(
  File "/home/tangjian/miniconda3/envs/neutrapro/lib/python3.8/site-packages/transformers/utils/hub.py", line 446, in cached_file
    raise EnvironmentError(
OSError: We couldn't connect to 'https://huggingface.co' to load this file, couldn't find it in the cached files and it looks like Rostlab/prot_t5_xl_half_uniref50-enc is not the path to a directory containing a file named config.json.
Checkout your internet connection or see how to run the library in offline mode at 'https://huggingface.co/docs/transformers/installation#offline-mode'.
