2025-11-28 14:56:11,173 - INFO - Starting the embedding process...
2025-11-28 14:56:11,173 - INFO - Using device: cpu
2025-11-28 14:56:11,268 - INFO - Loaded 68876 sequences from data/train/human_full.fasta
2025-11-28 14:56:11,268 - INFO - Loading model: Rostlab/prot_t5_xl_half_uniref50-enc
2025-11-28 14:56:12,810 - INFO - Casting model to full precision for CPU...
2025-11-28 14:56:13,179 - INFO - Total sequences: 68876
2025-11-28 14:56:13,201 - INFO - Average sequence length: 442.2514954410825
2025-11-28 14:56:13,201 - INFO - Number of sequences > 1000: 6087
2025-11-28 14:56:13,358 - INFO - Processed sequence ID: index-43409, Length: 2
2025-11-28 14:56:13,444 - INFO - Processed sequence ID: index-45650, Length: 2
2025-11-28 14:56:13,529 - INFO - Processed sequence ID: index-65812, Length: 2
2025-11-28 14:56:13,644 - INFO - Processed sequence ID: index-35240, Length: 3
2025-11-28 14:56:13,760 - INFO - Processed sequence ID: index-35645, Length: 3
2025-11-28 14:56:13,876 - INFO - Processed sequence ID: index-42396, Length: 3
2025-11-28 14:56:13,993 - INFO - Processed sequence ID: index-43301, Length: 3
2025-11-28 14:56:14,108 - INFO - Processed sequence ID: index-45277, Length: 3
2025-11-28 14:56:14,223 - INFO - Processed sequence ID: index-48011, Length: 3
2025-11-28 14:56:14,338 - INFO - Processed sequence ID: index-54999, Length: 3
2025-11-28 14:56:14,455 - INFO - Processed sequence ID: index-28119, Length: 4
2025-11-28 14:56:14,572 - INFO - Processed sequence ID: index-35887, Length: 4
2025-11-28 14:56:14,688 - INFO - Processed sequence ID: index-40266, Length: 4
2025-11-28 14:56:14,803 - INFO - Processed sequence ID: index-50205, Length: 4
2025-11-28 14:56:14,918 - INFO - Processed sequence ID: index-51392, Length: 4
2025-11-28 14:56:15,034 - INFO - Processed sequence ID: index-52958, Length: 4
2025-11-28 14:56:15,149 - INFO - Processed sequence ID: index-55716, Length: 4
2025-11-28 14:56:15,264 - INFO - Processed sequence ID: index-62562, Length: 4
2025-11-28 14:56:15,380 - INFO - Processed sequence ID: index-63743, Length: 4
2025-11-28 14:56:15,497 - INFO - Processed sequence ID: index-28305, Length: 5
2025-11-28 14:56:15,618 - INFO - Processed sequence ID: index-29446, Length: 5
2025-11-28 14:56:15,734 - INFO - Processed sequence ID: index-33857, Length: 5
2025-11-28 14:56:15,851 - INFO - Processed sequence ID: index-34488, Length: 5
2025-11-28 14:56:15,968 - INFO - Processed sequence ID: index-36547, Length: 5
2025-11-28 14:56:16,085 - INFO - Processed sequence ID: index-37242, Length: 5
2025-11-28 14:56:16,200 - INFO - Processed sequence ID: index-39074, Length: 5
2025-11-28 14:56:16,314 - INFO - Processed sequence ID: index-39114, Length: 5
2025-11-28 14:56:16,428 - INFO - Processed sequence ID: index-39786, Length: 5
2025-11-28 14:56:16,540 - INFO - Processed sequence ID: index-40296, Length: 5
2025-11-28 14:56:16,666 - INFO - Processed sequence ID: index-41346, Length: 5
2025-11-28 14:56:16,790 - INFO - Processed sequence ID: index-45201, Length: 5
2025-11-28 14:56:16,898 - INFO - Processed sequence ID: index-49374, Length: 5
2025-11-28 14:56:17,022 - INFO - Processed sequence ID: index-49391, Length: 5
2025-11-28 14:56:17,137 - INFO - Processed sequence ID: index-53053, Length: 5
2025-11-28 14:56:17,247 - INFO - Processed sequence ID: index-55537, Length: 5
2025-11-28 14:56:17,351 - INFO - Processed sequence ID: index-56987, Length: 5
2025-11-28 14:56:17,464 - INFO - Processed sequence ID: index-30842, Length: 6
2025-11-28 14:56:17,582 - INFO - Processed sequence ID: index-32032, Length: 6
2025-11-28 14:56:17,697 - INFO - Processed sequence ID: index-36288, Length: 6
2025-11-28 14:56:17,815 - INFO - Processed sequence ID: index-37723, Length: 6
2025-11-28 14:56:17,928 - INFO - Processed sequence ID: index-39245, Length: 6
2025-11-28 14:56:18,061 - INFO - Processed sequence ID: index-41150, Length: 6
2025-11-28 14:56:18,185 - INFO - Processed sequence ID: index-41576, Length: 6
2025-11-28 14:56:18,315 - INFO - Processed sequence ID: index-42650, Length: 6
2025-11-28 14:56:18,438 - INFO - Processed sequence ID: index-45710, Length: 6
2025-11-28 14:56:18,569 - INFO - Processed sequence ID: index-47733, Length: 6
2025-11-28 14:56:18,691 - INFO - Processed sequence ID: index-48616, Length: 6
2025-11-28 14:56:18,813 - INFO - Processed sequence ID: index-50157, Length: 6
2025-11-28 14:56:18,933 - INFO - Processed sequence ID: index-52938, Length: 6
2025-11-28 14:56:19,057 - INFO - Processed sequence ID: index-54580, Length: 6
2025-11-28 14:56:19,177 - INFO - Processed sequence ID: index-54625, Length: 6
2025-11-28 14:56:19,292 - INFO - Processed sequence ID: index-55070, Length: 6
2025-11-28 14:56:19,428 - INFO - Processed sequence ID: index-57775, Length: 6
2025-11-28 14:56:19,542 - INFO - Processed sequence ID: index-66092, Length: 6
2025-11-28 14:56:19,642 - INFO - Processed sequence ID: index-25607, Length: 7
2025-11-28 14:56:19,730 - INFO - Processed sequence ID: index-34584, Length: 7
2025-11-28 14:56:19,818 - INFO - Processed sequence ID: index-40230, Length: 7
2025-11-28 14:56:19,906 - INFO - Processed sequence ID: index-43429, Length: 7
2025-11-28 14:56:19,994 - INFO - Processed sequence ID: index-46002, Length: 7
2025-11-28 14:56:20,082 - INFO - Processed sequence ID: index-49654, Length: 7
2025-11-28 14:56:20,169 - INFO - Processed sequence ID: index-54136, Length: 7
2025-11-28 14:56:20,255 - INFO - Processed sequence ID: index-60949, Length: 7
2025-11-28 14:56:20,342 - INFO - Processed sequence ID: index-26680, Length: 8
2025-11-28 14:56:20,429 - INFO - Processed sequence ID: index-31883, Length: 8
2025-11-28 14:56:20,516 - INFO - Processed sequence ID: index-33599, Length: 8
2025-11-28 14:56:20,603 - INFO - Processed sequence ID: index-36454, Length: 8
2025-11-28 14:56:20,690 - INFO - Processed sequence ID: index-38216, Length: 8
2025-11-28 14:56:20,776 - INFO - Processed sequence ID: index-38533, Length: 8
2025-11-28 14:56:20,866 - INFO - Processed sequence ID: index-38625, Length: 8
2025-11-28 14:56:20,959 - INFO - Processed sequence ID: index-38699, Length: 8
2025-11-28 14:56:21,044 - INFO - Processed sequence ID: index-42480, Length: 8
2025-11-28 14:56:21,129 - INFO - Processed sequence ID: index-42489, Length: 8
2025-11-28 14:56:21,214 - INFO - Processed sequence ID: index-43337, Length: 8
2025-11-28 14:56:21,299 - INFO - Processed sequence ID: index-43453, Length: 8
2025-11-28 14:56:21,385 - INFO - Processed sequence ID: index-44662, Length: 8
2025-11-28 14:56:21,470 - INFO - Processed sequence ID: index-45466, Length: 8
2025-11-28 14:56:21,555 - INFO - Processed sequence ID: index-49221, Length: 8
2025-11-28 14:56:21,644 - INFO - Processed sequence ID: index-54738, Length: 8
2025-11-28 14:56:21,737 - INFO - Processed sequence ID: index-59127, Length: 8
2025-11-28 14:56:21,822 - INFO - Processed sequence ID: index-59155, Length: 8
2025-11-28 14:56:21,908 - INFO - Processed sequence ID: index-61210, Length: 8
2025-11-28 14:56:21,994 - INFO - Processed sequence ID: index-61740, Length: 8
2025-11-28 14:56:22,080 - INFO - Processed sequence ID: index-64488, Length: 8
2025-11-28 14:56:22,171 - INFO - Processed sequence ID: index-19514, Length: 9
2025-11-28 14:56:22,272 - INFO - Processed sequence ID: index-21859, Length: 9
2025-11-28 14:56:22,370 - INFO - Processed sequence ID: index-29360, Length: 9
2025-11-28 14:56:22,461 - INFO - Processed sequence ID: index-29880, Length: 9
2025-11-28 14:56:22,555 - INFO - Processed sequence ID: index-30632, Length: 9
2025-11-28 14:56:22,664 - INFO - Processed sequence ID: index-31404, Length: 9
2025-11-28 14:56:22,761 - INFO - Processed sequence ID: index-33937, Length: 9
2025-11-28 14:56:22,862 - INFO - Processed sequence ID: index-34249, Length: 9
2025-11-28 14:56:22,965 - INFO - Processed sequence ID: index-35313, Length: 9
2025-11-28 14:56:23,067 - INFO - Processed sequence ID: index-38911, Length: 9
2025-11-28 14:56:23,169 - INFO - Processed sequence ID: index-40042, Length: 9
2025-11-28 14:56:23,262 - INFO - Processed sequence ID: index-42581, Length: 9
2025-11-28 14:56:23,357 - INFO - Processed sequence ID: index-45586, Length: 9
2025-11-28 14:56:23,458 - INFO - Processed sequence ID: index-51099, Length: 9
2025-11-28 14:56:23,560 - INFO - Processed sequence ID: index-51389, Length: 9
2025-11-28 14:56:23,661 - INFO - Processed sequence ID: index-52334, Length: 9
2025-11-28 14:56:23,753 - INFO - Processed sequence ID: index-54850, Length: 9
2025-11-28 14:56:23,854 - INFO - Processed sequence ID: index-55382, Length: 9
2025-11-28 14:56:23,954 - INFO - Processed sequence ID: index-55427, Length: 9
2025-11-28 14:56:24,048 - INFO - Processed sequence ID: index-56820, Length: 9
2025-11-28 14:56:24,138 - INFO - Processed sequence ID: index-60051, Length: 9
2025-11-28 14:56:24,236 - INFO - Processed sequence ID: index-61396, Length: 9
2025-11-28 14:56:24,329 - INFO - Processed sequence ID: index-62296, Length: 9
2025-11-28 14:56:24,414 - INFO - Processed sequence ID: index-63530, Length: 9
2025-11-28 14:56:24,499 - INFO - Processed sequence ID: index-25882, Length: 10
2025-11-28 14:56:24,584 - INFO - Processed sequence ID: index-26603, Length: 10
2025-11-28 14:56:24,669 - INFO - Processed sequence ID: index-27183, Length: 10
2025-11-28 14:56:24,753 - INFO - Processed sequence ID: index-28152, Length: 10
2025-11-28 14:56:24,838 - INFO - Processed sequence ID: index-31002, Length: 10
2025-11-28 14:56:24,923 - INFO - Processed sequence ID: index-33634, Length: 10
2025-11-28 14:56:25,008 - INFO - Processed sequence ID: index-35883, Length: 10
2025-11-28 14:56:25,092 - INFO - Processed sequence ID: index-37823, Length: 10
2025-11-28 14:56:25,177 - INFO - Processed sequence ID: index-38840, Length: 10
2025-11-28 14:56:25,261 - INFO - Processed sequence ID: index-39085, Length: 10
2025-11-28 14:56:25,346 - INFO - Processed sequence ID: index-39095, Length: 10
2025-11-28 14:56:25,430 - INFO - Processed sequence ID: index-39859, Length: 10
2025-11-28 14:56:25,520 - INFO - Processed sequence ID: index-40028, Length: 10
2025-11-28 14:56:25,614 - INFO - Processed sequence ID: index-40632, Length: 10
2025-11-28 14:56:25,698 - INFO - Processed sequence ID: index-41833, Length: 10
2025-11-28 14:56:25,782 - INFO - Processed sequence ID: index-43349, Length: 10
2025-11-28 14:56:25,867 - INFO - Processed sequence ID: index-43991, Length: 10
2025-11-28 14:56:25,951 - INFO - Processed sequence ID: index-47202, Length: 10
2025-11-28 14:56:26,035 - INFO - Processed sequence ID: index-48613, Length: 10
2025-11-28 14:56:26,120 - INFO - Processed sequence ID: index-49275, Length: 10
2025-11-28 14:56:26,205 - INFO - Processed sequence ID: index-49998, Length: 10
2025-11-28 14:56:26,289 - INFO - Processed sequence ID: index-51139, Length: 10
2025-11-28 14:56:26,373 - INFO - Processed sequence ID: index-51670, Length: 10
2025-11-28 14:56:26,457 - INFO - Processed sequence ID: index-52308, Length: 10
2025-11-28 14:56:26,542 - INFO - Processed sequence ID: index-52446, Length: 10
2025-11-28 14:56:26,626 - INFO - Processed sequence ID: index-53463, Length: 10
2025-11-28 14:56:26,711 - INFO - Processed sequence ID: index-56027, Length: 10
2025-11-28 14:56:26,795 - INFO - Processed sequence ID: index-56211, Length: 10
2025-11-28 14:56:26,887 - INFO - Processed sequence ID: index-56844, Length: 10
2025-11-28 14:56:26,977 - INFO - Processed sequence ID: index-61448, Length: 10
2025-11-28 14:56:27,061 - INFO - Processed sequence ID: index-62514, Length: 10
2025-11-28 14:56:27,144 - INFO - Processed sequence ID: index-62543, Length: 10
2025-11-28 14:56:27,228 - INFO - Processed sequence ID: index-63802, Length: 10
2025-11-28 14:56:27,313 - INFO - Processed sequence ID: index-31891, Length: 11
2025-11-28 14:56:27,398 - INFO - Processed sequence ID: index-32792, Length: 11
2025-11-28 14:56:27,482 - INFO - Processed sequence ID: index-37855, Length: 11
2025-11-28 14:56:27,567 - INFO - Processed sequence ID: index-38585, Length: 11
2025-11-28 14:56:27,652 - INFO - Processed sequence ID: index-39124, Length: 11
2025-11-28 14:56:27,737 - INFO - Processed sequence ID: index-39790, Length: 11
2025-11-28 14:56:27,821 - INFO - Processed sequence ID: index-39809, Length: 11
2025-11-28 14:56:27,906 - INFO - Processed sequence ID: index-42162, Length: 11
2025-11-28 14:56:27,990 - INFO - Processed sequence ID: index-44410, Length: 11
2025-11-28 14:56:28,075 - INFO - Processed sequence ID: index-44625, Length: 11
2025-11-28 14:56:28,165 - INFO - Processed sequence ID: index-48958, Length: 11
2025-11-28 14:56:28,259 - INFO - Processed sequence ID: index-49290, Length: 11
2025-11-28 14:56:28,344 - INFO - Processed sequence ID: index-53420, Length: 11
2025-11-28 14:56:28,428 - INFO - Processed sequence ID: index-54644, Length: 11
2025-11-28 14:56:28,512 - INFO - Processed sequence ID: index-54846, Length: 11
2025-11-28 14:56:28,596 - INFO - Processed sequence ID: index-55965, Length: 11
2025-11-28 14:56:28,681 - INFO - Processed sequence ID: index-56205, Length: 11
2025-11-28 14:56:28,765 - INFO - Processed sequence ID: index-57588, Length: 11
2025-11-28 14:56:28,849 - INFO - Processed sequence ID: index-58074, Length: 11
2025-11-28 14:56:28,933 - INFO - Processed sequence ID: index-58543, Length: 11
2025-11-28 14:56:29,018 - INFO - Processed sequence ID: index-58779, Length: 11
2025-11-28 14:56:29,102 - INFO - Processed sequence ID: index-59390, Length: 11
2025-11-28 14:56:29,187 - INFO - Processed sequence ID: index-59796, Length: 11
2025-11-28 14:56:29,272 - INFO - Processed sequence ID: index-62391, Length: 11
2025-11-28 14:56:29,358 - INFO - Processed sequence ID: index-63423, Length: 11
2025-11-28 14:56:29,457 - INFO - Processed sequence ID: index-25671, Length: 12
2025-11-28 14:56:29,554 - INFO - Processed sequence ID: index-25793, Length: 12
2025-11-28 14:56:29,643 - INFO - Processed sequence ID: index-29200, Length: 12
2025-11-28 14:56:29,732 - INFO - Processed sequence ID: index-29897, Length: 12
2025-11-28 14:56:29,820 - INFO - Processed sequence ID: index-37154, Length: 12
2025-11-28 14:56:29,909 - INFO - Processed sequence ID: index-41372, Length: 12
2025-11-28 14:56:29,998 - INFO - Processed sequence ID: index-44164, Length: 12
2025-11-28 14:56:30,087 - INFO - Processed sequence ID: index-46282, Length: 12
2025-11-28 14:56:30,176 - INFO - Processed sequence ID: index-47603, Length: 12
2025-11-28 14:56:30,266 - INFO - Processed sequence ID: index-55656, Length: 12
2025-11-28 14:56:30,354 - INFO - Processed sequence ID: index-55934, Length: 12
2025-11-28 14:56:30,430 - INFO - Processed sequence ID: index-57852, Length: 12
2025-11-28 14:56:30,505 - INFO - Processed sequence ID: index-57946, Length: 12
2025-11-28 14:56:30,579 - INFO - Processed sequence ID: index-59621, Length: 12
2025-11-28 14:56:30,654 - INFO - Processed sequence ID: index-60005, Length: 12
2025-11-28 14:56:30,733 - INFO - Processed sequence ID: index-60319, Length: 12
2025-11-28 14:56:30,809 - INFO - Processed sequence ID: index-61290, Length: 12
2025-11-28 14:56:30,885 - INFO - Processed sequence ID: index-61725, Length: 12
2025-11-28 14:56:30,962 - INFO - Processed sequence ID: index-62379, Length: 12
2025-11-28 14:56:31,038 - INFO - Processed sequence ID: index-62718, Length: 12
2025-11-28 14:56:31,112 - INFO - Processed sequence ID: index-63806, Length: 12
2025-11-28 14:56:31,186 - INFO - Processed sequence ID: index-64276, Length: 12
2025-11-28 14:56:31,260 - INFO - Processed sequence ID: index-66452, Length: 12
2025-11-28 14:56:31,335 - INFO - Processed sequence ID: index-66684, Length: 12
2025-11-28 14:56:31,411 - INFO - Processed sequence ID: index-19095, Length: 13
2025-11-28 14:56:31,487 - INFO - Processed sequence ID: index-27128, Length: 13
2025-11-28 14:56:31,562 - INFO - Processed sequence ID: index-27889, Length: 13
2025-11-28 14:56:31,638 - INFO - Processed sequence ID: index-34300, Length: 13
2025-11-28 14:56:31,713 - INFO - Processed sequence ID: index-36277, Length: 13
2025-11-28 14:56:31,789 - INFO - Processed sequence ID: index-37552, Length: 13
2025-11-28 14:56:31,864 - INFO - Processed sequence ID: index-40503, Length: 13
2025-11-28 14:56:31,940 - INFO - Processed sequence ID: index-40574, Length: 13
2025-11-28 14:56:32,016 - INFO - Processed sequence ID: index-40824, Length: 13
2025-11-28 14:56:32,094 - INFO - Processed sequence ID: index-42138, Length: 13
2025-11-28 14:56:32,170 - INFO - Processed sequence ID: index-42466, Length: 13
2025-11-28 14:56:32,247 - INFO - Processed sequence ID: index-45973, Length: 13
2025-11-28 14:56:32,323 - INFO - Processed sequence ID: index-46049, Length: 13
2025-11-28 14:56:32,399 - INFO - Processed sequence ID: index-46337, Length: 13
2025-11-28 14:56:32,475 - INFO - Processed sequence ID: index-46800, Length: 13
2025-11-28 14:56:32,550 - INFO - Processed sequence ID: index-48837, Length: 13
2025-11-28 14:56:32,626 - INFO - Processed sequence ID: index-50147, Length: 13
2025-11-28 14:56:32,701 - INFO - Processed sequence ID: index-51559, Length: 13
2025-11-28 14:56:32,777 - INFO - Processed sequence ID: index-51608, Length: 13
2025-11-28 14:56:32,852 - INFO - Processed sequence ID: index-52001, Length: 13
2025-11-28 14:56:32,927 - INFO - Processed sequence ID: index-52237, Length: 13
2025-11-28 14:56:33,003 - INFO - Processed sequence ID: index-52401, Length: 13
2025-11-28 14:56:33,078 - INFO - Processed sequence ID: index-54624, Length: 13
2025-11-28 14:56:33,154 - INFO - Processed sequence ID: index-55621, Length: 13
2025-11-28 14:56:33,229 - INFO - Processed sequence ID: index-56386, Length: 13
2025-11-28 14:56:33,304 - INFO - Processed sequence ID: index-57638, Length: 13
2025-11-28 14:56:33,380 - INFO - Processed sequence ID: index-57675, Length: 13
2025-11-28 14:56:33,455 - INFO - Processed sequence ID: index-57785, Length: 13
2025-11-28 14:56:33,530 - INFO - Processed sequence ID: index-58449, Length: 13
2025-11-28 14:56:33,606 - INFO - Processed sequence ID: index-58621, Length: 13
2025-11-28 14:56:33,681 - INFO - Processed sequence ID: index-59365, Length: 13
2025-11-28 14:56:33,776 - INFO - Processed sequence ID: index-62706, Length: 13
2025-11-28 14:56:33,861 - INFO - Processed sequence ID: index-63147, Length: 13
2025-11-28 14:56:33,942 - INFO - Processed sequence ID: index-63337, Length: 13
2025-11-28 14:56:34,023 - INFO - Processed sequence ID: index-13616, Length: 14
2025-11-28 14:56:34,105 - INFO - Processed sequence ID: index-26416, Length: 14
2025-11-28 14:56:34,181 - INFO - Processed sequence ID: index-26646, Length: 14
2025-11-28 14:56:34,272 - INFO - Processed sequence ID: index-27725, Length: 14
2025-11-28 14:56:34,350 - INFO - Processed sequence ID: index-27795, Length: 14
2025-11-28 14:56:34,425 - INFO - Processed sequence ID: index-29573, Length: 14
2025-11-28 14:56:34,500 - INFO - Processed sequence ID: index-30585, Length: 14
2025-11-28 14:56:34,575 - INFO - Processed sequence ID: index-31799, Length: 14
2025-11-28 14:56:34,650 - INFO - Processed sequence ID: index-31833, Length: 14
2025-11-28 14:56:34,725 - INFO - Processed sequence ID: index-32504, Length: 14
2025-11-28 14:56:34,801 - INFO - Processed sequence ID: index-33326, Length: 14
2025-11-28 14:56:34,877 - INFO - Processed sequence ID: index-33332, Length: 14
2025-11-28 14:56:34,953 - INFO - Processed sequence ID: index-38046, Length: 14
2025-11-28 14:56:35,029 - INFO - Processed sequence ID: index-40612, Length: 14
2025-11-28 14:56:35,105 - INFO - Processed sequence ID: index-40664, Length: 14
2025-11-28 14:56:35,180 - INFO - Processed sequence ID: index-41244, Length: 14
2025-11-28 14:56:35,257 - INFO - Processed sequence ID: index-41467, Length: 14
2025-11-28 14:56:35,335 - INFO - Processed sequence ID: index-42256, Length: 14
2025-11-28 14:56:35,410 - INFO - Processed sequence ID: index-42766, Length: 14
2025-11-28 14:56:35,486 - INFO - Processed sequence ID: index-42901, Length: 14
2025-11-28 14:56:35,563 - INFO - Processed sequence ID: index-43436, Length: 14
2025-11-28 14:56:35,641 - INFO - Processed sequence ID: index-44624, Length: 14
2025-11-28 14:56:35,720 - INFO - Processed sequence ID: index-44989, Length: 14
2025-11-28 14:56:35,798 - INFO - Processed sequence ID: index-45866, Length: 14
2025-11-28 14:56:35,874 - INFO - Processed sequence ID: index-46939, Length: 14
2025-11-28 14:56:35,950 - INFO - Processed sequence ID: index-46977, Length: 14
2025-11-28 14:56:36,025 - INFO - Processed sequence ID: index-49606, Length: 14
2025-11-28 14:56:36,101 - INFO - Processed sequence ID: index-50527, Length: 14
2025-11-28 14:56:36,177 - INFO - Processed sequence ID: index-51164, Length: 14
2025-11-28 14:56:36,252 - INFO - Processed sequence ID: index-51604, Length: 14
2025-11-28 14:56:36,327 - INFO - Processed sequence ID: index-52098, Length: 14
2025-11-28 14:56:36,404 - INFO - Processed sequence ID: index-52877, Length: 14
2025-11-28 14:56:36,482 - INFO - Processed sequence ID: index-54191, Length: 14
2025-11-28 14:56:36,559 - INFO - Processed sequence ID: index-54743, Length: 14
2025-11-28 14:56:36,634 - INFO - Processed sequence ID: index-55016, Length: 14
2025-11-28 14:56:36,710 - INFO - Processed sequence ID: index-55186, Length: 14
2025-11-28 14:56:36,785 - INFO - Processed sequence ID: index-61671, Length: 14
2025-11-28 14:56:36,861 - INFO - Processed sequence ID: index-63394, Length: 14
2025-11-28 14:56:36,936 - INFO - Processed sequence ID: index-66785, Length: 14
2025-11-28 14:56:37,044 - INFO - Processed sequence ID: index-26925, Length: 15
2025-11-28 14:56:37,133 - INFO - Processed sequence ID: index-27923, Length: 15
2025-11-28 14:56:37,223 - INFO - Processed sequence ID: index-28141, Length: 15
2025-11-28 14:56:37,338 - INFO - Processed sequence ID: index-32117, Length: 15
2025-11-28 14:56:37,428 - INFO - Processed sequence ID: index-34562, Length: 15
2025-11-28 14:56:37,541 - INFO - Processed sequence ID: index-34585, Length: 15
2025-11-28 14:56:37,632 - INFO - Processed sequence ID: index-39575, Length: 15
2025-11-28 14:56:37,753 - INFO - Processed sequence ID: index-40352, Length: 15
2025-11-28 14:56:37,848 - INFO - Processed sequence ID: index-43265, Length: 15
2025-11-28 14:56:37,958 - INFO - Processed sequence ID: index-43305, Length: 15
2025-11-28 14:56:38,049 - INFO - Processed sequence ID: index-43419, Length: 15
2025-11-28 14:56:38,163 - INFO - Processed sequence ID: index-43448, Length: 15
2025-11-28 14:56:38,282 - INFO - Processed sequence ID: index-45347, Length: 15
2025-11-28 14:56:38,377 - INFO - Processed sequence ID: index-46115, Length: 15
2025-11-28 14:56:38,486 - INFO - Processed sequence ID: index-46255, Length: 15
2025-11-28 14:56:38,600 - INFO - Processed sequence ID: index-47119, Length: 15
2025-11-28 14:56:38,688 - INFO - Processed sequence ID: index-47743, Length: 15
2025-11-28 14:56:38,776 - INFO - Processed sequence ID: index-48855, Length: 15
2025-11-28 14:56:38,864 - INFO - Processed sequence ID: index-49602, Length: 15
2025-11-28 14:56:38,952 - INFO - Processed sequence ID: index-50357, Length: 15
2025-11-28 14:56:39,040 - INFO - Processed sequence ID: index-50381, Length: 15
2025-11-28 14:56:39,128 - INFO - Processed sequence ID: index-50800, Length: 15
2025-11-28 14:56:39,221 - INFO - Processed sequence ID: index-51827, Length: 15
2025-11-28 14:56:39,313 - INFO - Processed sequence ID: index-51877, Length: 15
2025-11-28 14:56:39,401 - INFO - Processed sequence ID: index-52742, Length: 15
2025-11-28 14:56:39,489 - INFO - Processed sequence ID: index-55046, Length: 15
2025-11-28 14:56:39,577 - INFO - Processed sequence ID: index-56253, Length: 15
2025-11-28 14:56:39,665 - INFO - Processed sequence ID: index-56273, Length: 15
2025-11-28 14:56:39,753 - INFO - Processed sequence ID: index-56669, Length: 15
2025-11-28 14:56:39,842 - INFO - Processed sequence ID: index-57769, Length: 15
2025-11-28 14:56:39,930 - INFO - Processed sequence ID: index-58677, Length: 15
2025-11-28 14:56:40,018 - INFO - Processed sequence ID: index-59093, Length: 15
2025-11-28 14:56:40,106 - INFO - Processed sequence ID: index-59558, Length: 15
2025-11-28 14:56:40,194 - INFO - Processed sequence ID: index-60935, Length: 15
2025-11-28 14:56:40,282 - INFO - Processed sequence ID: index-62516, Length: 15
2025-11-28 14:56:40,372 - INFO - Processed sequence ID: index-63062, Length: 15
2025-11-28 14:56:40,461 - INFO - Processed sequence ID: index-65715, Length: 15
2025-11-28 14:56:40,553 - INFO - Processed sequence ID: index-26398, Length: 16
2025-11-28 14:56:40,643 - INFO - Processed sequence ID: index-26700, Length: 16
2025-11-28 14:56:40,734 - INFO - Processed sequence ID: index-34722, Length: 16
2025-11-28 14:56:40,826 - INFO - Processed sequence ID: index-36414, Length: 16
2025-11-28 14:56:40,918 - INFO - Processed sequence ID: index-39401, Length: 16
2025-11-28 14:56:41,007 - INFO - Processed sequence ID: index-39819, Length: 16
2025-11-28 14:56:41,096 - INFO - Processed sequence ID: index-40771, Length: 16
2025-11-28 14:56:41,214 - INFO - Processed sequence ID: index-42300, Length: 16
2025-11-28 14:56:41,308 - INFO - Processed sequence ID: index-45831, Length: 16
2025-11-28 14:56:41,424 - INFO - Processed sequence ID: index-46138, Length: 16
2025-11-28 14:56:41,537 - INFO - Processed sequence ID: index-49310, Length: 16
2025-11-28 14:56:41,657 - INFO - Processed sequence ID: index-49385, Length: 16
2025-11-28 14:56:41,765 - INFO - Processed sequence ID: index-49487, Length: 16
2025-11-28 14:56:41,859 - INFO - Processed sequence ID: index-50346, Length: 16
2025-11-28 14:56:41,973 - INFO - Processed sequence ID: index-51830, Length: 16
2025-11-28 14:56:42,105 - INFO - Processed sequence ID: index-52253, Length: 16
2025-11-28 14:56:42,215 - INFO - Processed sequence ID: index-52890, Length: 16
2025-11-28 14:56:42,323 - INFO - Processed sequence ID: index-54051, Length: 16
2025-11-28 14:56:42,440 - INFO - Processed sequence ID: index-54534, Length: 16
2025-11-28 14:56:42,573 - INFO - Processed sequence ID: index-56004, Length: 16
2025-11-28 14:56:42,695 - INFO - Processed sequence ID: index-56052, Length: 16
2025-11-28 14:56:42,804 - INFO - Processed sequence ID: index-56163, Length: 16
2025-11-28 14:56:42,912 - INFO - Processed sequence ID: index-56413, Length: 16
2025-11-28 14:56:43,021 - INFO - Processed sequence ID: index-56768, Length: 16
2025-11-28 14:56:43,129 - INFO - Processed sequence ID: index-58738, Length: 16
2025-11-28 14:56:43,238 - INFO - Processed sequence ID: index-65293, Length: 16
2025-11-28 14:56:43,347 - INFO - Processed sequence ID: index-65825, Length: 16
2025-11-28 14:56:43,458 - INFO - Processed sequence ID: index-28412, Length: 17
2025-11-28 14:56:43,568 - INFO - Processed sequence ID: index-28670, Length: 17
2025-11-28 14:56:43,677 - INFO - Processed sequence ID: index-29313, Length: 17
2025-11-28 14:56:43,787 - INFO - Processed sequence ID: index-31263, Length: 17
2025-11-28 14:56:43,896 - INFO - Processed sequence ID: index-32915, Length: 17
2025-11-28 14:56:44,005 - INFO - Processed sequence ID: index-33295, Length: 17
2025-11-28 14:56:44,114 - INFO - Processed sequence ID: index-35689, Length: 17
2025-11-28 14:56:44,224 - INFO - Processed sequence ID: index-36318, Length: 17
2025-11-28 14:56:44,333 - INFO - Processed sequence ID: index-36925, Length: 17
2025-11-28 14:56:44,443 - INFO - Processed sequence ID: index-38047, Length: 17
2025-11-28 14:56:44,552 - INFO - Processed sequence ID: index-39941, Length: 17
2025-11-28 14:56:44,661 - INFO - Processed sequence ID: index-40206, Length: 17
2025-11-28 14:56:44,771 - INFO - Processed sequence ID: index-40269, Length: 17
2025-11-28 14:56:44,882 - INFO - Processed sequence ID: index-40493, Length: 17
2025-11-28 14:56:44,993 - INFO - Processed sequence ID: index-40970, Length: 17
2025-11-28 14:56:45,103 - INFO - Processed sequence ID: index-41423, Length: 17
2025-11-28 14:56:45,213 - INFO - Processed sequence ID: index-41545, Length: 17
2025-11-28 14:56:45,324 - INFO - Processed sequence ID: index-42603, Length: 17
2025-11-28 14:56:45,436 - INFO - Processed sequence ID: index-43733, Length: 17
2025-11-28 14:56:45,545 - INFO - Processed sequence ID: index-43992, Length: 17
2025-11-28 14:56:45,665 - INFO - Processed sequence ID: index-47413, Length: 17
2025-11-28 14:56:45,776 - INFO - Processed sequence ID: index-49156, Length: 17
2025-11-28 14:56:45,885 - INFO - Processed sequence ID: index-50487, Length: 17
2025-11-28 14:56:45,995 - INFO - Processed sequence ID: index-51638, Length: 17
2025-11-28 14:56:46,105 - INFO - Processed sequence ID: index-52484, Length: 17
2025-11-28 14:56:46,244 - INFO - Processed sequence ID: index-53205, Length: 17
2025-11-28 14:56:46,375 - INFO - Processed sequence ID: index-53435, Length: 17
2025-11-28 14:56:46,487 - INFO - Processed sequence ID: index-53538, Length: 17
2025-11-28 14:56:46,596 - INFO - Processed sequence ID: index-53549, Length: 17
2025-11-28 14:56:46,706 - INFO - Processed sequence ID: index-53629, Length: 17
2025-11-28 14:56:46,816 - INFO - Processed sequence ID: index-53918, Length: 17
2025-11-28 14:56:46,926 - INFO - Processed sequence ID: index-56246, Length: 17
2025-11-28 14:56:47,036 - INFO - Processed sequence ID: index-56281, Length: 17
2025-11-28 14:56:47,146 - INFO - Processed sequence ID: index-56883, Length: 17
2025-11-28 14:56:47,255 - INFO - Processed sequence ID: index-56994, Length: 17
2025-11-28 14:56:47,366 - INFO - Processed sequence ID: index-57690, Length: 17
2025-11-28 14:56:47,476 - INFO - Processed sequence ID: index-58088, Length: 17
2025-11-28 14:56:47,586 - INFO - Processed sequence ID: index-58427, Length: 17
2025-11-28 14:56:47,695 - INFO - Processed sequence ID: index-58539, Length: 17
2025-11-28 14:56:47,805 - INFO - Processed sequence ID: index-58716, Length: 17
2025-11-28 14:56:47,917 - INFO - Processed sequence ID: index-60354, Length: 17
2025-11-28 14:56:48,027 - INFO - Processed sequence ID: index-63871, Length: 17
2025-11-28 14:56:48,121 - INFO - Processed sequence ID: index-64668, Length: 17
2025-11-28 14:56:48,238 - INFO - Processed sequence ID: index-23265, Length: 18
2025-11-28 14:56:48,376 - INFO - Processed sequence ID: index-26458, Length: 18
2025-11-28 14:56:48,485 - INFO - Processed sequence ID: index-26670, Length: 18
2025-11-28 14:56:48,595 - INFO - Processed sequence ID: index-29997, Length: 18
2025-11-28 14:56:48,727 - INFO - Processed sequence ID: index-30688, Length: 18
2025-11-28 14:56:48,842 - INFO - Processed sequence ID: index-31751, Length: 18
2025-11-28 14:56:48,967 - INFO - Processed sequence ID: index-33494, Length: 18
2025-11-28 14:56:49,104 - INFO - Processed sequence ID: index-35231, Length: 18
2025-11-28 14:56:49,220 - INFO - Processed sequence ID: index-37041, Length: 18
2025-11-28 14:56:49,347 - INFO - Processed sequence ID: index-41638, Length: 18
2025-11-28 14:56:49,458 - INFO - Processed sequence ID: index-43732, Length: 18
2025-11-28 14:56:49,568 - INFO - Processed sequence ID: index-47129, Length: 18
2025-11-28 14:56:49,678 - INFO - Processed sequence ID: index-47444, Length: 18
2025-11-28 14:56:49,789 - INFO - Processed sequence ID: index-48165, Length: 18
2025-11-28 14:56:49,899 - INFO - Processed sequence ID: index-48701, Length: 18
2025-11-28 14:56:50,010 - INFO - Processed sequence ID: index-49632, Length: 18
2025-11-28 14:56:50,121 - INFO - Processed sequence ID: index-51665, Length: 18
2025-11-28 14:56:50,231 - INFO - Processed sequence ID: index-51890, Length: 18
2025-11-28 14:56:50,342 - INFO - Processed sequence ID: index-52585, Length: 18
2025-11-28 14:56:50,453 - INFO - Processed sequence ID: index-53526, Length: 18
2025-11-28 14:56:50,563 - INFO - Processed sequence ID: index-53737, Length: 18
2025-11-28 14:56:50,674 - INFO - Processed sequence ID: index-54248, Length: 18
2025-11-28 14:56:50,784 - INFO - Processed sequence ID: index-56137, Length: 18
2025-11-28 14:56:50,895 - INFO - Processed sequence ID: index-56360, Length: 18
2025-11-28 14:56:51,005 - INFO - Processed sequence ID: index-57040, Length: 18
2025-11-28 14:56:51,116 - INFO - Processed sequence ID: index-58997, Length: 18
2025-11-28 14:56:51,226 - INFO - Processed sequence ID: index-59709, Length: 18
2025-11-28 14:56:51,359 - INFO - Processed sequence ID: index-60791, Length: 18
2025-11-28 14:56:51,497 - INFO - Processed sequence ID: index-61259, Length: 18
2025-11-28 14:56:51,613 - INFO - Processed sequence ID: index-62523, Length: 18
2025-11-28 14:56:51,740 - INFO - Processed sequence ID: index-63325, Length: 18
2025-11-28 14:56:51,873 - INFO - Processed sequence ID: index-66134, Length: 18
2025-11-28 14:56:51,989 - INFO - Processed sequence ID: index-66500, Length: 18
2025-11-28 14:56:52,121 - INFO - Processed sequence ID: index-26535, Length: 19
2025-11-28 14:56:52,229 - INFO - Processed sequence ID: index-28140, Length: 19
2025-11-28 14:56:52,338 - INFO - Processed sequence ID: index-28650, Length: 19
2025-11-28 14:56:52,448 - INFO - Processed sequence ID: index-30139, Length: 19
2025-11-28 14:56:52,558 - INFO - Processed sequence ID: index-31155, Length: 19
2025-11-28 14:56:52,668 - INFO - Processed sequence ID: index-31259, Length: 19
2025-11-28 14:56:52,777 - INFO - Processed sequence ID: index-32063, Length: 19
2025-11-28 14:56:52,886 - INFO - Processed sequence ID: index-32969, Length: 19
2025-11-28 14:56:52,994 - INFO - Processed sequence ID: index-35049, Length: 19
2025-11-28 14:56:53,106 - INFO - Processed sequence ID: index-36929, Length: 19
2025-11-28 14:56:53,215 - INFO - Processed sequence ID: index-37269, Length: 19
2025-11-28 14:56:53,319 - INFO - Processed sequence ID: index-37960, Length: 19
2025-11-28 14:56:53,413 - INFO - Processed sequence ID: index-38066, Length: 19
2025-11-28 14:56:53,505 - INFO - Processed sequence ID: index-38560, Length: 19
2025-11-28 14:56:53,596 - INFO - Processed sequence ID: index-42413, Length: 19
2025-11-28 14:56:53,687 - INFO - Processed sequence ID: index-42608, Length: 19
2025-11-28 14:56:53,779 - INFO - Processed sequence ID: index-43306, Length: 19
2025-11-28 14:56:53,870 - INFO - Processed sequence ID: index-45538, Length: 19
2025-11-28 14:56:53,961 - INFO - Processed sequence ID: index-47039, Length: 19
2025-11-28 14:56:54,053 - INFO - Processed sequence ID: index-47183, Length: 19
2025-11-28 14:56:54,144 - INFO - Processed sequence ID: index-47797, Length: 19
2025-11-28 14:56:54,235 - INFO - Processed sequence ID: index-51249, Length: 19
2025-11-28 14:56:54,327 - INFO - Processed sequence ID: index-51659, Length: 19
2025-11-28 14:56:54,418 - INFO - Processed sequence ID: index-52652, Length: 19
2025-11-28 14:56:54,509 - INFO - Processed sequence ID: index-53224, Length: 19
2025-11-28 14:56:54,601 - INFO - Processed sequence ID: index-53721, Length: 19
2025-11-28 14:56:54,692 - INFO - Processed sequence ID: index-54101, Length: 19
2025-11-28 14:56:54,783 - INFO - Processed sequence ID: index-54485, Length: 19
2025-11-28 14:56:54,875 - INFO - Processed sequence ID: index-55547, Length: 19
2025-11-28 14:56:54,969 - INFO - Processed sequence ID: index-56102, Length: 19
2025-11-28 14:56:55,072 - INFO - Processed sequence ID: index-56178, Length: 19
2025-11-28 14:56:55,185 - INFO - Processed sequence ID: index-56809, Length: 19
2025-11-28 14:56:55,297 - INFO - Processed sequence ID: index-57962, Length: 19
2025-11-28 14:56:55,415 - INFO - Processed sequence ID: index-59634, Length: 19
2025-11-28 14:56:55,545 - INFO - Processed sequence ID: index-59713, Length: 19
2025-11-28 14:56:55,669 - INFO - Processed sequence ID: index-62865, Length: 19
2025-11-28 14:56:55,775 - INFO - Processed sequence ID: index-63534, Length: 19
2025-11-28 14:56:55,883 - INFO - Processed sequence ID: index-24115, Length: 20
2025-11-28 14:56:55,990 - INFO - Processed sequence ID: index-25545, Length: 20
2025-11-28 14:56:56,102 - INFO - Processed sequence ID: index-27171, Length: 20
2025-11-28 14:56:56,231 - INFO - Processed sequence ID: index-29996, Length: 20
2025-11-28 14:56:56,346 - INFO - Processed sequence ID: index-33167, Length: 20
2025-11-28 14:56:56,475 - INFO - Processed sequence ID: index-35766, Length: 20
2025-11-28 14:56:56,593 - INFO - Processed sequence ID: index-36392, Length: 20
2025-11-28 14:56:56,701 - INFO - Processed sequence ID: index-39441, Length: 20
2025-11-28 14:56:56,809 - INFO - Processed sequence ID: index-42309, Length: 20
2025-11-28 14:56:56,917 - INFO - Processed sequence ID: index-45774, Length: 20
2025-11-28 14:56:57,025 - INFO - Processed sequence ID: index-47221, Length: 20
2025-11-28 14:56:57,135 - INFO - Processed sequence ID: index-49880, Length: 20
2025-11-28 14:56:57,243 - INFO - Processed sequence ID: index-51260, Length: 20
2025-11-28 14:56:57,352 - INFO - Processed sequence ID: index-51973, Length: 20
2025-11-28 14:56:57,460 - INFO - Processed sequence ID: index-52015, Length: 20
2025-11-28 14:56:57,571 - INFO - Processed sequence ID: index-52033, Length: 20
2025-11-28 14:56:57,679 - INFO - Processed sequence ID: index-53887, Length: 20
2025-11-28 14:56:57,788 - INFO - Processed sequence ID: index-55462, Length: 20
2025-11-28 14:56:57,897 - INFO - Processed sequence ID: index-56033, Length: 20
2025-11-28 14:56:58,004 - INFO - Processed sequence ID: index-59723, Length: 20
2025-11-28 14:56:58,112 - INFO - Processed sequence ID: index-60335, Length: 20
2025-11-28 14:56:58,220 - INFO - Processed sequence ID: index-60932, Length: 20
2025-11-28 14:56:58,326 - INFO - Processed sequence ID: index-62404, Length: 20
2025-11-28 14:56:58,420 - INFO - Processed sequence ID: index-63982, Length: 20
2025-11-28 14:56:58,512 - INFO - Processed sequence ID: index-64971, Length: 20
2025-11-28 14:56:58,604 - INFO - Processed sequence ID: index-68597, Length: 20
2025-11-28 14:56:58,698 - INFO - Processed sequence ID: index-5749, Length: 21
2025-11-28 14:56:58,791 - INFO - Processed sequence ID: index-25869, Length: 21
2025-11-28 14:56:58,884 - INFO - Processed sequence ID: index-26357, Length: 21
2025-11-28 14:56:58,977 - INFO - Processed sequence ID: index-28715, Length: 21
2025-11-28 14:56:59,070 - INFO - Processed sequence ID: index-28981, Length: 21
2025-11-28 14:56:59,163 - INFO - Processed sequence ID: index-30210, Length: 21
2025-11-28 14:56:59,256 - INFO - Processed sequence ID: index-34459, Length: 21
2025-11-28 14:56:59,350 - INFO - Processed sequence ID: index-35203, Length: 21
2025-11-28 14:56:59,443 - INFO - Processed sequence ID: index-36062, Length: 21
2025-11-28 14:56:59,535 - INFO - Processed sequence ID: index-36345, Length: 21
2025-11-28 14:56:59,628 - INFO - Processed sequence ID: index-36471, Length: 21
2025-11-28 14:56:59,721 - INFO - Processed sequence ID: index-37679, Length: 21
2025-11-28 14:56:59,813 - INFO - Processed sequence ID: index-38274, Length: 21
2025-11-28 14:56:59,906 - INFO - Processed sequence ID: index-38421, Length: 21
2025-11-28 14:57:00,000 - INFO - Processed sequence ID: index-38632, Length: 21
2025-11-28 14:57:00,092 - INFO - Processed sequence ID: index-39622, Length: 21
2025-11-28 14:57:00,185 - INFO - Processed sequence ID: index-39999, Length: 21
2025-11-28 14:57:00,278 - INFO - Processed sequence ID: index-40534, Length: 21
2025-11-28 14:57:00,371 - INFO - Processed sequence ID: index-44542, Length: 21
2025-11-28 14:57:00,464 - INFO - Processed sequence ID: index-44591, Length: 21
2025-11-28 14:57:00,557 - INFO - Processed sequence ID: index-45986, Length: 21
2025-11-28 14:57:00,650 - INFO - Processed sequence ID: index-47856, Length: 21
2025-11-28 14:57:00,743 - INFO - Processed sequence ID: index-48961, Length: 21
2025-11-28 14:57:00,836 - INFO - Processed sequence ID: index-50078, Length: 21
2025-11-28 14:57:00,929 - INFO - Processed sequence ID: index-51205, Length: 21
2025-11-28 14:57:01,022 - INFO - Processed sequence ID: index-51261, Length: 21
2025-11-28 14:57:01,114 - INFO - Processed sequence ID: index-51391, Length: 21
2025-11-28 14:57:01,207 - INFO - Processed sequence ID: index-53097, Length: 21
2025-11-28 14:57:01,300 - INFO - Processed sequence ID: index-53375, Length: 21
2025-11-28 14:57:01,396 - INFO - Processed sequence ID: index-54061, Length: 21
2025-11-28 14:57:01,492 - INFO - Processed sequence ID: index-54668, Length: 21
2025-11-28 14:57:01,591 - INFO - Processed sequence ID: index-55933, Length: 21
2025-11-28 14:57:01,688 - INFO - Processed sequence ID: index-57987, Length: 21
2025-11-28 14:57:01,784 - INFO - Processed sequence ID: index-58996, Length: 21
2025-11-28 14:57:01,880 - INFO - Processed sequence ID: index-59878, Length: 21
2025-11-28 14:57:01,887 - INFO - Total processed (new): 500
2025-11-28 14:57:01,887 - INFO - Total time: 48.66s
